<?xml version="1.0" encoding="UTF-8"?>
<testng-results ignored="0" total="2" passed="2" failed="0" skipped="0">
  <reporter-output>
  </reporter-output>
  <suite started-at="2022-08-12T09:38:54 IST" name="Default suite" finished-at="2022-08-12T09:38:54 IST" duration-ms="36">
    <groups>
    </groups>
    <test started-at="2022-08-12T09:38:54 IST" name="Default test" finished-at="2022-08-12T09:38:54 IST" duration-ms="36">
      <class name="Mahiselenium.maven.AppiumTest">
        <test-method signature="IOSApps()[pri:0, instance:Mahiselenium.maven.AppiumTest@78b729e6]" started-at="2022-08-12T09:38:54 IST" name="IOSApps" finished-at="2022-08-12T09:38:54 IST" duration-ms="6" status="PASS">
          <reporter-output>
          </reporter-output>
        </test-method> <!-- IOSApps -->
        <test-method signature="NativeAPpAndroid()[pri:0, instance:Mahiselenium.maven.AppiumTest@78b729e6]" started-at="2022-08-12T09:38:54 IST" name="NativeAPpAndroid" finished-at="2022-08-12T09:38:54 IST" duration-ms="1" status="PASS">
          <reporter-output>
          </reporter-output>
        </test-method> <!-- NativeAPpAndroid -->
      </class> <!-- Mahiselenium.maven.AppiumTest -->
    </test> <!-- Default test -->
  </suite> <!-- Default suite -->
</testng-results>
