<?xml version="1.0" encoding="UTF-8"?>
<testng-results ignored="0" total="1" passed="1" failed="0" skipped="0">
  <reporter-output>
  </reporter-output>
  <suite started-at="2022-07-14T16:55:49 IST" name="Default suite" finished-at="2022-07-14T16:55:49 IST" duration-ms="39">
    <groups>
    </groups>
    <test started-at="2022-07-14T16:55:49 IST" name="Default test" finished-at="2022-07-14T16:55:49 IST" duration-ms="39">
      <class name="streams.streams">
        <test-method signature="StreamCollect()[pri:0, instance:streams.streams@12e61fe6]" started-at="2022-07-14T16:55:49 IST" name="StreamCollect" finished-at="2022-07-14T16:55:49 IST" duration-ms="11" status="PASS">
          <reporter-output>
          </reporter-output>
        </test-method> <!-- StreamCollect -->
      </class> <!-- streams.streams -->
    </test> <!-- Default test -->
  </suite> <!-- Default suite -->
</testng-results>
