<?xml version="1.0" encoding="UTF-8"?>
<!-- Generated by org.testng.reporters.JUnitXMLReporter -->
<testsuite ignored="0" hostname="qqsplekltp0242" failures="0" tests="5" name="Command line test" time="0.01" errors="0" timestamp="18 Aug 2022 04:56:44 GMT">
  <testcase classname="Mahiselenium.maven.SeleniumTest" name="BrowserAUtomation" time="0.002"/>
  <testcase classname="Mahiselenium.maven.SeleniumTest" name="elementsUi" time="0.0"/>
  <testcase classname="Mahiselenium.maven.RESTAPITest" name="deleteTwitter" time="0.0"/>
  <testcase classname="Mahiselenium.maven.RESTAPITest" name="postJira" time="0.0"/>
  <testcase classname="Mahiselenium.maven.AppiumTest" name="IOSApps" time="0.0"/>
</testsuite> <!-- Command line test -->
