<?xml version="1.0" encoding="UTF-8"?>
<!-- Generated by org.testng.reporters.JUnitXMLReporter -->
<testsuite ignored="0" hostname="earth" failures="0" tests="3" name="Default test" time="0.387" errors="0" timestamp="2022-11-02T21:05:25 IST">
  <testcase classname="dataDriven.excelDataProvider.dataProvider" name="testCaseData" time="0.004"/>
  <testcase classname="dataDriven.excelDataProvider.dataProvider" name="testCaseData" time="0.0"/>
  <testcase classname="dataDriven.excelDataProvider.dataProvider" name="testCaseData" time="0.0"/>
</testsuite> <!-- Default test -->
