<?xml version="1.0" encoding="UTF-8"?>
<testng-results ignored="0" total="1" passed="1" failed="0" skipped="0">
  <reporter-output>
  </reporter-output>
  <suite started-at="2022-10-17T13:31:28 IST" name="Default suite" finished-at="2022-10-17T13:31:40 IST" duration-ms="11248">
    <groups>
    </groups>
    <test started-at="2022-10-17T13:31:28 IST" name="Default test" finished-at="2022-10-17T13:31:40 IST" duration-ms="11248">
      <class name="MahiSelenium.ExtentReports.ExtentReportDemo">
        <test-method is-config="true" signature="config()[pri:0, instance:MahiSelenium.ExtentReports.ExtentReportDemo@3d51f06e]" started-at="2022-10-17T13:31:28 IST" name="config" finished-at="2022-10-17T13:31:29 IST" duration-ms="197" status="PASS">
          <reporter-output>
          </reporter-output>
        </test-method> <!-- config -->
        <test-method signature="initialDemo()[pri:0, instance:MahiSelenium.ExtentReports.ExtentReportDemo@3d51f06e]" started-at="2022-10-17T13:31:29 IST" name="initialDemo" finished-at="2022-10-17T13:31:40 IST" duration-ms="11012" status="PASS">
          <reporter-output>
          </reporter-output>
        </test-method> <!-- initialDemo -->
      </class> <!-- MahiSelenium.ExtentReports.ExtentReportDemo -->
    </test> <!-- Default test -->
  </suite> <!-- Default suite -->
</testng-results>
