<?xml version="1.0" encoding="UTF-8"?>
<!-- Generated by org.testng.reporters.JUnitXMLReporter -->
<testsuite ignored="3" hostname="qqsplekltp0242" failures="0" tests="2" name="AllBasicsexcept3only" time="0.045" errors="0" timestamp="2022-08-11T08:53:35 IST">
  <testcase classname="TestPackage.Basics1" name="secondTest" time="0.005"/>
  <testcase classname="TestPackage.Basics1" name="thirdTest" time="0.005"/>
  <testcase classname="TestPackage.Basics4" name="MobileLoginPersonalloan" time="0.0">
    <ignored/>
  </testcase> <!-- MobileLoginPersonalloan -->
  <testcase classname="TestPackage.Basics4" name="WebLoginPersonalloan" time="0.0">
    <ignored/>
  </testcase> <!-- WebLoginPersonalloan -->
  <testcase classname="TestPackage.Basics4" name="APILoginPersonalloan" time="0.0">
    <ignored/>
  </testcase> <!-- APILoginPersonalloan -->
</testsuite> <!-- AllBasicsexcept3only -->
