<?xml version="1.0" encoding="UTF-8"?>
<!-- Generated by org.testng.reporters.JUnitXMLReporter -->
<testsuite ignored="3" hostname="qqsplekltp0242" failures="3" tests="4" name="Basics3only" time="0.024" errors="0" timestamp="2022-08-11T08:53:35 IST">
  <testcase classname="TestPackage.Basics3" name="MobileLogincarLoan" time="0.002"/>
  <testcase classname="TestPackage.Basics3" name="MobilesignoutcarLoan" time="0.004">
    <failure type="java.lang.AssertionError" message="expected [true] but found [false]">
      <![CDATA[java.lang.AssertionError: expected [true] but found [false]
at TestPackage.Basics3.MobilesignoutcarLoan(Basics3.java:67)
at java.base/java.util.ArrayList.forEach(ArrayList.java:1511)
... Removed 31 stack frames]]>
    </failure>
  </testcase> <!-- MobilesignoutcarLoan -->
  <testcase classname="TestPackage.Basics3" name="MobilesignoutcarLoan" time="0.001">
    <failure type="java.lang.AssertionError" message="expected [true] but found [false]">
      <![CDATA[java.lang.AssertionError: expected [true] but found [false]
at TestPackage.Basics3.MobilesignoutcarLoan(Basics3.java:67)
at java.base/java.util.ArrayList.forEach(ArrayList.java:1511)
... Removed 31 stack frames]]>
    </failure>
  </testcase> <!-- MobilesignoutcarLoan -->
  <testcase classname="TestPackage.Basics3" name="MobilesignoutcarLoan" time="0.0">
    <failure type="java.lang.AssertionError" message="expected [true] but found [false]">
      <![CDATA[java.lang.AssertionError: expected [true] but found [false]
at TestPackage.Basics3.MobilesignoutcarLoan(Basics3.java:67)
at java.base/java.util.ArrayList.forEach(ArrayList.java:1511)
... Removed 31 stack frames]]>
    </failure>
  </testcase> <!-- MobilesignoutcarLoan -->
  <testcase classname="TestPackage.Basics3" name="MobilesignimcarLoan" time="0.0">
    <ignored/>
  </testcase> <!-- MobilesignimcarLoan -->
  <testcase classname="TestPackage.Basics3" name="WebloginCarLoan" time="0.0">
    <ignored/>
  </testcase> <!-- WebloginCarLoan -->
  <testcase classname="TestPackage.Basics3" name="APIcarLoan" time="0.0">
    <ignored/>
  </testcase> <!-- APIcarLoan -->
</testsuite> <!-- Basics3only -->
