<?xml version="1.0" encoding="UTF-8"?>
<!-- Generated by org.testng.reporters.JUnitXMLReporter -->
<testsuite ignored="1" hostname="qqsplekltp0242" failures="0" tests="9" name="Secondparam" time="0.031" errors="0" timestamp="2022-08-10T15:30:38 IST">
  <testcase classname="TestPackage.Basics3" name="MobilesignoutcarLoan" time="0.001"/>
  <testcase classname="TestPackage.Basics3" name="MobilesignoutcarLoan" time="0.001"/>
  <testcase classname="TestPackage.Basics3" name="MobilesignoutcarLoan" time="0.002"/>
  <testcase classname="TestPackage.Basics3" name="WebloginCarLoan" time="0.001"/>
  <testcase classname="TestPackage.Basics3" name="MobileLogincarLoan" time="0.001"/>
  <testcase classname="TestPackage.Basics3" name="APIcarLoan" time="0.0"/>
  <testcase classname="TestPackage.Basics4" name="APILoginPersonalloan" time="0.001"/>
  <testcase classname="TestPackage.Basics4" name="MobileLoginPersonalloan" time="0.001"/>
  <testcase classname="TestPackage.Basics4" name="WebLoginPersonalloan" time="0.001"/>
  <testcase classname="TestPackage.Basics3" name="MobilesignimcarLoan" time="0.0">
    <ignored/>
  </testcase> <!-- MobilesignimcarLoan -->
</testsuite> <!-- Secondparam -->
