<?xml version="1.0" encoding="UTF-8"?>
<!-- Generated by org.testng.reporters.JUnitXMLReporter -->
<testsuite ignored="0" hostname="qqsplekltp0242" failures="0" tests="9" name="Test" time="0.046" errors="0" timestamp="2022-08-10T08:50:38 IST">
  <testcase classname="TestPackage.Basics4" name="APILoginPersonalloan" time="0.006"/>
  <testcase classname="TestPackage.Basics4" name="MobileLoginPersonalloan" time="0.001"/>
  <testcase classname="TestPackage.Basics4" name="WebLoginPersonalloan" time="0.001"/>
  <testcase classname="TestPackage.Basics3" name="APILoginHomeloan" time="0.001"/>
  <testcase classname="TestPackage.Basics3" name="MobileLoginHomeloan" time="0.001"/>
  <testcase classname="TestPackage.Basics3" name="WebLoginHomeloan" time="0.001"/>
  <testcase classname="TestPackage.Basics2" name="Homeloan" time="0.001"/>
  <testcase classname="TestPackage.Basics1" name="demo" time="0.001"/>
  <testcase classname="TestPackage.Basics1" name="secondTest" time="0.0"/>
</testsuite> <!-- Test -->
